2026-03-31 09:04:22.679 [main] INFO  c.ord.tutorial.TutorialApplication - Starting TutorialApplication using Java 21.0.8 with PID 35556 (D:\java\java_buoi2\target\classes started by Admin in D:\java\java_buoi2)
2026-03-31 09:04:22.681 [main] INFO  c.ord.tutorial.TutorialApplication - No active profile set, falling back to 1 default profile: "default"
2026-03-31 09:04:25.182 [main] INFO  o.a.catalina.core.StandardService - Starting service [Tomcat]
2026-03-31 09:04:25.182 [main] INFO  o.a.catalina.core.StandardEngine - Starting Servlet engine: [Apache Tomcat/10.1.46]
2026-03-31 09:04:25.306 [main] INFO  o.a.c.c.C.[Tomcat].[localhost].[/] - Initializing Spring embedded WebApplicationContext
2026-03-31 09:04:25.461 [main] INFO  com.zaxxer.hikari.HikariDataSource - HikariPoolTutorial - Starting...
2026-03-31 09:04:25.701 [main] INFO  com.zaxxer.hikari.pool.HikariPool - HikariPoolTutorial - Added connection com.mysql.cj.jdbc.ConnectionImpl@56c6d515
2026-03-31 09:04:25.703 [main] INFO  com.zaxxer.hikari.HikariDataSource - HikariPoolTutorial - Start completed.
2026-03-31 09:04:27.129 [main] INFO  liquibase.changelog - Reading from tutorial_db.databasechangelog
2026-03-31 09:04:27.242 [main] INFO  liquibase.ui - Database is up to date, no changesets to execute
2026-03-31 09:04:27.246 [main] INFO  liquibase.changelog - Reading from tutorial_db.databasechangelog
2026-03-31 09:04:27.256 [main] INFO  liquibase.util - UPDATE SUMMARY
2026-03-31 09:04:27.256 [main] INFO  liquibase.util - Run:                          0
2026-03-31 09:04:27.256 [main] INFO  liquibase.util - Previously run:               2
2026-03-31 09:04:27.257 [main] INFO  liquibase.util - Filtered out:                 0
2026-03-31 09:04:27.257 [main] INFO  liquibase.util - -------------------------------
2026-03-31 09:04:27.257 [main] INFO  liquibase.util - Total change sets:            2
2026-03-31 09:04:27.258 [main] INFO  liquibase.util - Update summary generated
2026-03-31 09:04:27.260 [main] INFO  liquibase.command - Command execution complete
2026-03-31 09:04:29.040 [main] WARN  org.hibernate.orm.deprecation - HHH90000025: MySQLDialect does not need to be specified explicitly using 'hibernate.dialect' (remove the property setting and it will be selected by default)
2026-03-31 09:04:33.183 [main] WARN  o.s.b.a.o.j.JpaBaseConfiguration$JpaWebConfiguration - spring.jpa.open-in-view is enabled by default. Therefore, database queries may be performed during view rendering. Explicitly configure spring.jpa.open-in-view to disable this warning
2026-03-31 09:04:33.438 [main] WARN  o.s.s.c.a.a.c.InitializeUserDetailsBeanManagerConfigurer$InitializeUserDetailsManagerConfigurer - Global AuthenticationManager configured with an AuthenticationProvider bean. UserDetailsService beans will not be used by Spring Security for automatically configuring username/password login. Consider removing the AuthenticationProvider bean. Alternatively, consider using the UserDetailsService in a manually instantiated DaoAuthenticationProvider. If the current configuration is intentional, to turn off this warning, increase the logging level of 'org.springframework.security.config.annotation.authentication.configuration.InitializeUserDetailsBeanManagerConfigurer' to ERROR
2026-03-31 09:04:34.288 [main] INFO  c.ord.tutorial.TutorialApplication - Started TutorialApplication in 12.261 seconds (process running for 13.986)
2026-03-31 09:04:34.379 [main] DEBUG org.hibernate.SQL - 
    select
        count(*) 
    from
        roles re1_0
2026-03-31 09:04:34.430 [main] DEBUG org.hibernate.SQL - 
    select
        count(*) 
    from
        role_permissions rpe1_0
2026-03-31 09:04:34.446 [main] DEBUG org.hibernate.SQL - 
    select
        count(*) 
    from
        users u1_0
2026-03-31 09:18:09.083 [SpringApplicationShutdownHook] INFO  com.zaxxer.hikari.HikariDataSource - HikariPoolTutorial - Shutdown initiated...
2026-03-31 09:18:09.086 [SpringApplicationShutdownHook] INFO  com.zaxxer.hikari.HikariDataSource - HikariPoolTutorial - Shutdown completed.
2026-03-31 09:19:29.909 [main] INFO  c.ord.tutorial.TutorialApplication - Starting TutorialApplication using Java 21.0.8 with PID 42748 (D:\java\java_buoi2\target\classes started by Admin in D:\java\java_buoi2)
2026-03-31 09:19:29.911 [main] INFO  c.ord.tutorial.TutorialApplication - No active profile set, falling back to 1 default profile: "default"
2026-03-31 09:19:32.216 [main] INFO  o.a.catalina.core.StandardService - Starting service [Tomcat]
2026-03-31 09:19:32.216 [main] INFO  o.a.catalina.core.StandardEngine - Starting Servlet engine: [Apache Tomcat/10.1.46]
2026-03-31 09:19:32.321 [main] INFO  o.a.c.c.C.[Tomcat].[localhost].[/] - Initializing Spring embedded WebApplicationContext
2026-03-31 09:19:32.501 [main] INFO  com.zaxxer.hikari.HikariDataSource - HikariPoolTutorial - Starting...
2026-03-31 09:19:32.702 [main] INFO  com.zaxxer.hikari.pool.HikariPool - HikariPoolTutorial - Added connection com.mysql.cj.jdbc.ConnectionImpl@40ac0a56
2026-03-31 09:19:32.704 [main] INFO  com.zaxxer.hikari.HikariDataSource - HikariPoolTutorial - Start completed.
2026-03-31 09:19:34.015 [main] INFO  liquibase.changelog - Reading from tutorial_db.databasechangelog
2026-03-31 09:19:34.142 [main] INFO  liquibase.ui - Database is up to date, no changesets to execute
2026-03-31 09:19:34.146 [main] INFO  liquibase.changelog - Reading from tutorial_db.databasechangelog
2026-03-31 09:19:34.162 [main] INFO  liquibase.util - UPDATE SUMMARY
2026-03-31 09:19:34.162 [main] INFO  liquibase.util - Run:                          0
2026-03-31 09:19:34.162 [main] INFO  liquibase.util - Previously run:               2
2026-03-31 09:19:34.163 [main] INFO  liquibase.util - Filtered out:                 0
2026-03-31 09:19:34.163 [main] INFO  liquibase.util - -------------------------------
2026-03-31 09:19:34.163 [main] INFO  liquibase.util - Total change sets:            2
2026-03-31 09:19:34.165 [main] INFO  liquibase.util - Update summary generated
2026-03-31 09:19:34.167 [main] INFO  liquibase.command - Command execution complete
2026-03-31 09:19:35.965 [main] WARN  org.hibernate.orm.deprecation - HHH90000025: MySQLDialect does not need to be specified explicitly using 'hibernate.dialect' (remove the property setting and it will be selected by default)
2026-03-31 09:19:40.018 [main] WARN  o.s.b.a.o.j.JpaBaseConfiguration$JpaWebConfiguration - spring.jpa.open-in-view is enabled by default. Therefore, database queries may be performed during view rendering. Explicitly configure spring.jpa.open-in-view to disable this warning
2026-03-31 09:19:40.300 [main] WARN  o.s.s.c.a.a.c.InitializeUserDetailsBeanManagerConfigurer$InitializeUserDetailsManagerConfigurer - Global AuthenticationManager configured with an AuthenticationProvider bean. UserDetailsService beans will not be used by Spring Security for automatically configuring username/password login. Consider removing the AuthenticationProvider bean. Alternatively, consider using the UserDetailsService in a manually instantiated DaoAuthenticationProvider. If the current configuration is intentional, to turn off this warning, increase the logging level of 'org.springframework.security.config.annotation.authentication.configuration.InitializeUserDetailsBeanManagerConfigurer' to ERROR
2026-03-31 09:19:41.132 [main] WARN  o.s.b.w.s.c.AnnotationConfigServletWebServerApplicationContext - Exception encountered during context initialization - cancelling refresh attempt: org.springframework.context.ApplicationContextException: Failed to start bean 'webServerStartStop'
2026-03-31 09:19:41.166 [main] INFO  com.zaxxer.hikari.HikariDataSource - HikariPoolTutorial - Shutdown initiated...
2026-03-31 09:19:41.177 [main] INFO  com.zaxxer.hikari.HikariDataSource - HikariPoolTutorial - Shutdown completed.
2026-03-31 09:19:41.216 [main] ERROR o.s.b.d.LoggingFailureAnalysisReporter - 

***************************
APPLICATION FAILED TO START
***************************

Description:

Web server failed to start. Port 8080 was already in use.

Action:

Identify and stop the process that's listening on port 8080 or configure this application to listen on another port.

2026-03-31 09:20:10.138 [main] INFO  c.ord.tutorial.TutorialApplication - Starting TutorialApplication using Java 21.0.8 with PID 43236 (D:\java\java_buoi2\target\classes started by Admin in D:\java\java_buoi2)
2026-03-31 09:20:10.140 [main] INFO  c.ord.tutorial.TutorialApplication - No active profile set, falling back to 1 default profile: "default"
2026-03-31 09:20:12.549 [main] INFO  o.a.catalina.core.StandardService - Starting service [Tomcat]
2026-03-31 09:20:12.549 [main] INFO  o.a.catalina.core.StandardEngine - Starting Servlet engine: [Apache Tomcat/10.1.46]
2026-03-31 09:20:12.648 [main] INFO  o.a.c.c.C.[Tomcat].[localhost].[/] - Initializing Spring embedded WebApplicationContext
2026-03-31 09:20:12.787 [main] INFO  com.zaxxer.hikari.HikariDataSource - HikariPoolTutorial - Starting...
2026-03-31 09:20:12.973 [main] INFO  com.zaxxer.hikari.pool.HikariPool - HikariPoolTutorial - Added connection com.mysql.cj.jdbc.ConnectionImpl@1ef93e01
2026-03-31 09:20:12.975 [main] INFO  com.zaxxer.hikari.HikariDataSource - HikariPoolTutorial - Start completed.
2026-03-31 09:20:14.215 [main] INFO  liquibase.changelog - Reading from tutorial_db.databasechangelog
2026-03-31 09:20:14.314 [main] INFO  liquibase.ui - Database is up to date, no changesets to execute
2026-03-31 09:20:14.318 [main] INFO  liquibase.changelog - Reading from tutorial_db.databasechangelog
2026-03-31 09:20:14.328 [main] INFO  liquibase.util - UPDATE SUMMARY
2026-03-31 09:20:14.329 [main] INFO  liquibase.util - Run:                          0
2026-03-31 09:20:14.329 [main] INFO  liquibase.util - Previously run:               2
2026-03-31 09:20:14.329 [main] INFO  liquibase.util - Filtered out:                 0
2026-03-31 09:20:14.329 [main] INFO  liquibase.util - -------------------------------
2026-03-31 09:20:14.330 [main] INFO  liquibase.util - Total change sets:            2
2026-03-31 09:20:14.333 [main] INFO  liquibase.util - Update summary generated
2026-03-31 09:20:14.336 [main] INFO  liquibase.command - Command execution complete
2026-03-31 09:20:16.008 [main] WARN  org.hibernate.orm.deprecation - HHH90000025: MySQLDialect does not need to be specified explicitly using 'hibernate.dialect' (remove the property setting and it will be selected by default)
2026-03-31 09:20:20.282 [main] WARN  o.s.b.a.o.j.JpaBaseConfiguration$JpaWebConfiguration - spring.jpa.open-in-view is enabled by default. Therefore, database queries may be performed during view rendering. Explicitly configure spring.jpa.open-in-view to disable this warning
2026-03-31 09:20:20.569 [main] WARN  o.s.s.c.a.a.c.InitializeUserDetailsBeanManagerConfigurer$InitializeUserDetailsManagerConfigurer - Global AuthenticationManager configured with an AuthenticationProvider bean. UserDetailsService beans will not be used by Spring Security for automatically configuring username/password login. Consider removing the AuthenticationProvider bean. Alternatively, consider using the UserDetailsService in a manually instantiated DaoAuthenticationProvider. If the current configuration is intentional, to turn off this warning, increase the logging level of 'org.springframework.security.config.annotation.authentication.configuration.InitializeUserDetailsBeanManagerConfigurer' to ERROR
2026-03-31 09:20:21.347 [main] INFO  c.ord.tutorial.TutorialApplication - Started TutorialApplication in 11.875 seconds (process running for 12.763)
2026-03-31 09:20:21.445 [main] DEBUG org.hibernate.SQL - 
    select
        count(*) 
    from
        roles re1_0
2026-03-31 09:20:21.460 [main] DEBUG org.hibernate.SQL - 
    select
        count(*) 
    from
        role_permissions rpe1_0
2026-03-31 09:20:21.464 [main] DEBUG org.hibernate.SQL - 
    select
        count(*) 
    from
        users u1_0
2026-03-31 11:11:24.719 [SpringApplicationShutdownHook] INFO  com.zaxxer.hikari.HikariDataSource - HikariPoolTutorial - Shutdown initiated...
2026-03-31 11:11:24.722 [SpringApplicationShutdownHook] INFO  com.zaxxer.hikari.HikariDataSource - HikariPoolTutorial - Shutdown completed.
2026-03-31 11:11:38.149 [main] INFO  c.ord.tutorial.TutorialApplication - Starting TutorialApplication using Java 21.0.8 with PID 22988 (D:\java\java_buoi2\target\classes started by Admin in D:\java\java_buoi2)
2026-03-31 11:11:38.152 [main] INFO  c.ord.tutorial.TutorialApplication - No active profile set, falling back to 1 default profile: "default"
2026-03-31 11:11:40.976 [main] INFO  o.a.catalina.core.StandardService - Starting service [Tomcat]
2026-03-31 11:11:40.977 [main] INFO  o.a.catalina.core.StandardEngine - Starting Servlet engine: [Apache Tomcat/10.1.46]
2026-03-31 11:11:41.101 [main] INFO  o.a.c.c.C.[Tomcat].[localhost].[/] - Initializing Spring embedded WebApplicationContext
2026-03-31 11:11:42.514 [main] INFO  com.zaxxer.hikari.HikariDataSource - HikariPoolTutorial - Starting...
2026-03-31 11:11:42.723 [main] INFO  com.zaxxer.hikari.pool.HikariPool - HikariPoolTutorial - Added connection com.mysql.cj.jdbc.ConnectionImpl@5e7ea81b
2026-03-31 11:11:42.725 [main] INFO  com.zaxxer.hikari.HikariDataSource - HikariPoolTutorial - Start completed.
2026-03-31 11:11:44.179 [main] INFO  liquibase.changelog - Reading from tutorial_db.databasechangelog
2026-03-31 11:11:44.289 [main] INFO  liquibase.ui - Database is up to date, no changesets to execute
2026-03-31 11:11:44.293 [main] INFO  liquibase.changelog - Reading from tutorial_db.databasechangelog
2026-03-31 11:11:44.303 [main] INFO  liquibase.util - UPDATE SUMMARY
2026-03-31 11:11:44.303 [main] INFO  liquibase.util - Run:                          0
2026-03-31 11:11:44.304 [main] INFO  liquibase.util - Previously run:               2
2026-03-31 11:11:44.304 [main] INFO  liquibase.util - Filtered out:                 0
2026-03-31 11:11:44.304 [main] INFO  liquibase.util - -------------------------------
2026-03-31 11:11:44.304 [main] INFO  liquibase.util - Total change sets:            2
2026-03-31 11:11:44.306 [main] INFO  liquibase.util - Update summary generated
2026-03-31 11:11:44.307 [main] INFO  liquibase.command - Command execution complete
2026-03-31 11:11:46.324 [main] WARN  org.hibernate.orm.deprecation - HHH90000025: MySQLDialect does not need to be specified explicitly using 'hibernate.dialect' (remove the property setting and it will be selected by default)
2026-03-31 11:11:50.658 [main] WARN  o.s.b.a.o.j.JpaBaseConfiguration$JpaWebConfiguration - spring.jpa.open-in-view is enabled by default. Therefore, database queries may be performed during view rendering. Explicitly configure spring.jpa.open-in-view to disable this warning
2026-03-31 11:11:50.977 [main] WARN  o.s.s.c.a.a.c.InitializeUserDetailsBeanManagerConfigurer$InitializeUserDetailsManagerConfigurer - Global AuthenticationManager configured with an AuthenticationProvider bean. UserDetailsService beans will not be used by Spring Security for automatically configuring username/password login. Consider removing the AuthenticationProvider bean. Alternatively, consider using the UserDetailsService in a manually instantiated DaoAuthenticationProvider. If the current configuration is intentional, to turn off this warning, increase the logging level of 'org.springframework.security.config.annotation.authentication.configuration.InitializeUserDetailsBeanManagerConfigurer' to ERROR
2026-03-31 11:11:51.929 [main] INFO  c.ord.tutorial.TutorialApplication - Started TutorialApplication in 14.513 seconds (process running for 15.966)
2026-03-31 11:11:52.032 [main] DEBUG org.hibernate.SQL - 
    select
        count(*) 
    from
        roles re1_0
2026-03-31 11:11:52.052 [main] DEBUG org.hibernate.SQL - 
    select
        count(*) 
    from
        role_permissions rpe1_0
2026-03-31 11:11:52.055 [main] DEBUG org.hibernate.SQL - 
    select
        count(*) 
    from
        users u1_0
2026-03-31 11:14:06.311 [SpringApplicationShutdownHook] INFO  com.zaxxer.hikari.HikariDataSource - HikariPoolTutorial - Shutdown initiated...
2026-03-31 11:14:06.314 [SpringApplicationShutdownHook] INFO  com.zaxxer.hikari.HikariDataSource - HikariPoolTutorial - Shutdown completed.
